file /Users/bstalder/lsst_stack/stack/miniconda3-4.3.21-10a4fa6/DarwinX86/sconsUtils/14.0-15-g79b7e05/python/lsst/sconsUtils/state.py,line 343:
	Configure(confdir = .sconf_temp)
scons: Configure: Checking who built the CC compiler...
scons: Configure: ".sconf_temp/conftest_0" is up to date.
scons: Configure: The original builder output was:
  |gcc --version > .sconf_temp/conftest_0
  |
scons: Configure: (cached) gcc=6.4.0


file /Users/bstalder/lsst_stack/stack/miniconda3-4.3.21-10a4fa6/DarwinX86/sconsUtils/14.0-15-g79b7e05/python/lsst/sconsUtils/state.py,line 377:
	Configure(confdir = .sconf_temp)
scons: Configure: Checking whether the C++ compiler works... 
scons: Configure: ".sconf_temp/conftest_1.cpp" is up to date.
scons: Configure: The original builder output was:
  |.sconf_temp/conftest_1.cpp <-
  |  |
  |  |int main()
  |  |{
  |  |    return 0;
  |  |}
  |  |
  |
g++ -o .sconf_temp/conftest_1.o -c -std=c++14 -g .sconf_temp/conftest_1.cpp
scons: Configure: yes


file /Users/bstalder/lsst_stack/stack/miniconda3-4.3.21-10a4fa6/DarwinX86/sconsUtils/14.0-15-g79b7e05/python/lsst/sconsUtils/dependencies.py,line 462:
	Configure(confdir = .sconf_temp)

